((functions_block ())
 (input_vars
  ((N SInt)
   (x
    (SArray SReal
     ((pattern (Var N))
      (meta ((type_ UInt) (loc <opaque>) (adlevel DataOnly))))))
   (k
    (SArray SInt
     ((pattern (Var N))
      (meta ((type_ UInt) (loc <opaque>) (adlevel DataOnly))))))))
 (prepare_data
  (((pattern
     (Decl (decl_adtype DataOnly) (decl_id pos__) (decl_type (Sized SInt))))
    (meta <opaque>))
   ((pattern
     (Assignment (pos__ UInt ())
      ((pattern (Lit Int 1))
       (meta ((type_ UInt) (loc <opaque>) (adlevel DataOnly))))))
    (meta <opaque>))
   ((pattern
     (Decl (decl_adtype DataOnly) (decl_id N) (decl_type (Sized SInt))))
    (meta <opaque>))
   ((pattern
     (Assignment (N UInt ())
      ((pattern
        (Indexed
         ((pattern
           (FunApp (CompilerInternal FnReadData)
            (((pattern (Lit Str N))
              (meta ((type_ UInt) (loc <opaque>) (adlevel DataOnly)))))))
          (meta ((type_ (UArray UInt)) (loc <opaque>) (adlevel DataOnly))))
         ((Single
           ((pattern (Lit Int 1))
            (meta ((type_ UInt) (loc <opaque>) (adlevel DataOnly))))))))
       (meta ((type_ UInt) (loc <opaque>) (adlevel DataOnly))))))
    (meta <opaque>))
   ((pattern
     (NRFunApp (CompilerInternal (FnCheck greater_or_equal))
      (((pattern (Lit Str N))
        (meta ((type_ UInt) (loc <opaque>) (adlevel DataOnly))))
       ((pattern (Var N))
        (meta ((type_ UInt) (loc <opaque>) (adlevel DataOnly))))
       ((pattern (Lit Int 1))
        (meta ((type_ UInt) (loc <opaque>) (adlevel DataOnly)))))))
    (meta <opaque>))
   ((pattern
     (NRFunApp (CompilerInternal FnValidateSize)
      (((pattern (Lit Str x))
        (meta ((type_ UInt) (loc <opaque>) (adlevel DataOnly))))
       ((pattern (Lit Str N))
        (meta ((type_ UInt) (loc <opaque>) (adlevel DataOnly))))
       ((pattern (Var N))
        (meta ((type_ UInt) (loc <opaque>) (adlevel DataOnly)))))))
    (meta <opaque>))
   ((pattern
     (Decl (decl_adtype DataOnly) (decl_id x)
      (decl_type
       (Sized
        (SArray SReal
         ((pattern (Var N))
          (meta ((type_ UInt) (loc <opaque>) (adlevel DataOnly)))))))))
    (meta <opaque>))
   ((pattern
     (Assignment (x (UArray UReal) ())
      ((pattern
        (FunApp (CompilerInternal FnReadData)
         (((pattern (Lit Str x))
           (meta ((type_ (UArray UReal)) (loc <opaque>) (adlevel DataOnly)))))))
       (meta ((type_ (UArray UReal)) (loc <opaque>) (adlevel DataOnly))))))
    (meta <opaque>))
   ((pattern
     (NRFunApp (CompilerInternal FnValidateSize)
      (((pattern (Lit Str k))
        (meta ((type_ UInt) (loc <opaque>) (adlevel DataOnly))))
       ((pattern (Lit Str N))
        (meta ((type_ UInt) (loc <opaque>) (adlevel DataOnly))))
       ((pattern (Var N))
        (meta ((type_ UInt) (loc <opaque>) (adlevel DataOnly)))))))
    (meta <opaque>))
   ((pattern
     (Decl (decl_adtype DataOnly) (decl_id k)
      (decl_type
       (Sized
        (SArray SInt
         ((pattern (Var N))
          (meta ((type_ UInt) (loc <opaque>) (adlevel DataOnly)))))))))
    (meta <opaque>))
   ((pattern
     (Assignment (k (UArray UInt) ())
      ((pattern
        (FunApp (CompilerInternal FnReadData)
         (((pattern (Lit Str k))
           (meta ((type_ (UArray UInt)) (loc <opaque>) (adlevel DataOnly)))))))
       (meta ((type_ (UArray UInt)) (loc <opaque>) (adlevel DataOnly))))))
    (meta <opaque>))
   ((pattern
     (NRFunApp (CompilerInternal FnValidateSize)
      (((pattern (Lit Str f_tilde))
        (meta ((type_ UInt) (loc <opaque>) (adlevel DataOnly))))
       ((pattern (Lit Str N))
        (meta ((type_ UInt) (loc <opaque>) (adlevel DataOnly))))
       ((pattern (Var N))
        (meta ((type_ UInt) (loc <opaque>) (adlevel DataOnly)))))))
    (meta <opaque>))
   ((pattern
     (NRFunApp (CompilerInternal FnValidateSize)
      (((pattern (Lit Str f))
        (meta ((type_ UInt) (loc <opaque>) (adlevel DataOnly))))
       ((pattern (Lit Str N))
        (meta ((type_ UInt) (loc <opaque>) (adlevel DataOnly))))
       ((pattern (Var N))
        (meta ((type_ UInt) (loc <opaque>) (adlevel DataOnly)))))))
    (meta <opaque>))))
 (log_prob
  (((pattern
     (Decl (decl_adtype AutoDiffable) (decl_id rho)
      (decl_type (Sized SReal))))
    (meta <opaque>))
   ((pattern
     (Assignment (rho UReal ())
      ((pattern
        (FunApp (CompilerInternal (FnReadParam (lb) SoA))
         (((pattern (Lit Int 0))
           (meta ((type_ UInt) (loc <opaque>) (adlevel DataOnly))))
          ((pattern (Var lp__))
           (meta ((type_ UReal) (loc <opaque>) (adlevel AutoDiffable)))))))
       (meta ((type_ UReal) (loc <opaque>) (adlevel AutoDiffable))))))
    (meta <opaque>))
   ((pattern
     (Decl (decl_adtype AutoDiffable) (decl_id alpha)
      (decl_type (Sized SReal))))
    (meta <opaque>))
   ((pattern
     (Assignment (alpha UReal ())
      ((pattern
        (FunApp (CompilerInternal (FnReadParam (lb) SoA))
         (((pattern (Lit Int 0))
           (meta ((type_ UInt) (loc <opaque>) (adlevel DataOnly))))
          ((pattern (Var lp__))
           (meta ((type_ UReal) (loc <opaque>) (adlevel AutoDiffable)))))))
       (meta ((type_ UReal) (loc <opaque>) (adlevel AutoDiffable))))))
    (meta <opaque>))
   ((pattern
     (Decl (decl_adtype AutoDiffable) (decl_id f_tilde)
      (decl_type
       (Sized
        (SVector SoA
         ((pattern (Var N))
          (meta ((type_ UInt) (loc <opaque>) (adlevel DataOnly)))))))))
    (meta <opaque>))
   ((pattern
     (Assignment (f_tilde UVector ())
      ((pattern
        (FunApp (CompilerInternal (FnReadParam () SoA))
         (((pattern (Var N))
           (meta ((type_ UInt) (loc <opaque>) (adlevel DataOnly)))))))
       (meta ((type_ UVector) (loc <opaque>) (adlevel AutoDiffable))))))
    (meta <opaque>))
   ((pattern
     (Decl (decl_adtype AutoDiffable) (decl_id f)
      (decl_type
       (Sized
        (SVector SoA
         ((pattern (Var N))
          (meta ((type_ UInt) (loc <opaque>) (adlevel DataOnly)))))))))
    (meta <opaque>))
   ((pattern
     (Block
      (((pattern
         (NRFunApp (CompilerInternal FnValidateSize)
          (((pattern (Lit Str cov))
            (meta ((type_ UInt) (loc <opaque>) (adlevel DataOnly))))
           ((pattern (Lit Str N))
            (meta ((type_ UInt) (loc <opaque>) (adlevel DataOnly))))
           ((pattern (Var N))
            (meta ((type_ UInt) (loc <opaque>) (adlevel DataOnly)))))))
        (meta <opaque>))
       ((pattern
         (NRFunApp (CompilerInternal FnValidateSize)
          (((pattern (Lit Str cov))
            (meta ((type_ UInt) (loc <opaque>) (adlevel DataOnly))))
           ((pattern (Lit Str N))
            (meta ((type_ UInt) (loc <opaque>) (adlevel DataOnly))))
           ((pattern (Var N))
            (meta ((type_ UInt) (loc <opaque>) (adlevel DataOnly)))))))
        (meta <opaque>))
       ((pattern
         (Decl (decl_adtype AutoDiffable) (decl_id cov)
          (decl_type
           (Sized
            (SMatrix SoA
             ((pattern (Var N))
              (meta ((type_ UInt) (loc <opaque>) (adlevel DataOnly))))
             ((pattern (Var N))
              (meta ((type_ UInt) (loc <opaque>) (adlevel DataOnly)))))))))
        (meta <opaque>))
       ((pattern
         (Assignment (cov UMatrix ())
          ((pattern
            (FunApp (StanLib Plus__ FnPlain SoA)
             (((pattern
                (FunApp (StanLib cov_exp_quad FnPlain AoS)
                 (((pattern (Var x))
                   (meta
                    ((type_ (UArray UReal)) (loc <opaque>)
                     (adlevel DataOnly))))
                  ((pattern (Var alpha))
                   (meta
                    ((type_ UReal) (loc <opaque>) (adlevel AutoDiffable))))
                  ((pattern (Var rho))
                   (meta
                    ((type_ UReal) (loc <opaque>) (adlevel AutoDiffable)))))))
               (meta ((type_ UMatrix) (loc <opaque>) (adlevel AutoDiffable))))
              ((pattern
                (FunApp (StanLib diag_matrix FnPlain AoS)
                 (((pattern
                    (FunApp (StanLib rep_vector FnPlain AoS)
                     (((pattern (Lit Real 1e-10))
                       (meta
                        ((type_ UReal) (loc <opaque>) (adlevel DataOnly))))
                      ((pattern (Var N))
                       (meta
                        ((type_ UInt) (loc <opaque>) (adlevel DataOnly)))))))
                   (meta ((type_ UVector) (loc <opaque>) (adlevel DataOnly)))))))
               (meta ((type_ UMatrix) (loc <opaque>) (adlevel DataOnly)))))))
           (meta ((type_ UMatrix) (loc <opaque>) (adlevel AutoDiffable))))))
        (meta <opaque>))
       ((pattern
         (NRFunApp (CompilerInternal FnValidateSize)
          (((pattern (Lit Str L_cov))
            (meta ((type_ UInt) (loc <opaque>) (adlevel DataOnly))))
           ((pattern (Lit Str N))
            (meta ((type_ UInt) (loc <opaque>) (adlevel DataOnly))))
           ((pattern (Var N))
            (meta ((type_ UInt) (loc <opaque>) (adlevel DataOnly)))))))
        (meta <opaque>))
       ((pattern
         (NRFunApp (CompilerInternal FnValidateSize)
          (((pattern (Lit Str L_cov))
            (meta ((type_ UInt) (loc <opaque>) (adlevel DataOnly))))
           ((pattern (Lit Str N))
            (meta ((type_ UInt) (loc <opaque>) (adlevel DataOnly))))
           ((pattern (Var N))
            (meta ((type_ UInt) (loc <opaque>) (adlevel DataOnly)))))))
        (meta <opaque>))
       ((pattern
         (Decl (decl_adtype AutoDiffable) (decl_id L_cov)
          (decl_type
           (Sized
            (SMatrix SoA
             ((pattern (Var N))
              (meta ((type_ UInt) (loc <opaque>) (adlevel DataOnly))))
             ((pattern (Var N))
              (meta ((type_ UInt) (loc <opaque>) (adlevel DataOnly)))))))))
        (meta <opaque>))
       ((pattern
         (Assignment (L_cov UMatrix ())
          ((pattern
            (FunApp (StanLib cholesky_decompose FnPlain SoA)
             (((pattern (Var cov))
               (meta ((type_ UMatrix) (loc <opaque>) (adlevel AutoDiffable)))))))
           (meta ((type_ UMatrix) (loc <opaque>) (adlevel AutoDiffable))))))
        (meta <opaque>))
       ((pattern
         (Assignment (f UVector ())
          ((pattern
            (FunApp (StanLib Times__ FnPlain SoA)
             (((pattern (Var L_cov))
               (meta ((type_ UMatrix) (loc <opaque>) (adlevel AutoDiffable))))
              ((pattern (Var f_tilde))
               (meta ((type_ UVector) (loc <opaque>) (adlevel AutoDiffable)))))))
           (meta ((type_ UVector) (loc <opaque>) (adlevel AutoDiffable))))))
        (meta <opaque>)))))
    (meta <opaque>))
   ((pattern
     (Block
      (((pattern
         (TargetPE
          ((pattern
            (FunApp (StanLib gamma_lpdf (FnLpdf true) SoA)
             (((pattern (Var rho))
               (meta ((type_ UReal) (loc <opaque>) (adlevel AutoDiffable))))
              ((pattern (Lit Int 25))
               (meta ((type_ UInt) (loc <opaque>) (adlevel DataOnly))))
              ((pattern (Lit Int 4))
               (meta ((type_ UInt) (loc <opaque>) (adlevel DataOnly)))))))
           (meta ((type_ UReal) (loc <opaque>) (adlevel AutoDiffable))))))
        (meta <opaque>))
       ((pattern
         (TargetPE
          ((pattern
            (FunApp (StanLib normal_lpdf (FnLpdf true) SoA)
             (((pattern (Var alpha))
               (meta ((type_ UReal) (loc <opaque>) (adlevel AutoDiffable))))
              ((pattern (Lit Int 0))
               (meta ((type_ UInt) (loc <opaque>) (adlevel DataOnly))))
              ((pattern (Lit Int 2))
               (meta ((type_ UInt) (loc <opaque>) (adlevel DataOnly)))))))
           (meta ((type_ UReal) (loc <opaque>) (adlevel AutoDiffable))))))
        (meta <opaque>))
       ((pattern
         (TargetPE
          ((pattern
            (FunApp (StanLib normal_lpdf (FnLpdf true) SoA)
             (((pattern (Var f_tilde))
               (meta ((type_ UVector) (loc <opaque>) (adlevel AutoDiffable))))
              ((pattern (Lit Int 0))
               (meta ((type_ UInt) (loc <opaque>) (adlevel DataOnly))))
              ((pattern (Lit Int 1))
               (meta ((type_ UInt) (loc <opaque>) (adlevel DataOnly)))))))
           (meta ((type_ UReal) (loc <opaque>) (adlevel AutoDiffable))))))
        (meta <opaque>))
       ((pattern
         (TargetPE
          ((pattern
            (FunApp (StanLib poisson_log_lpmf (FnLpdf true) SoA)
             (((pattern (Var k))
               (meta
                ((type_ (UArray UInt)) (loc <opaque>) (adlevel DataOnly))))
              ((pattern (Var f))
               (meta ((type_ UVector) (loc <opaque>) (adlevel AutoDiffable)))))))
           (meta ((type_ UReal) (loc <opaque>) (adlevel AutoDiffable))))))
        (meta <opaque>)))))
    (meta <opaque>))))
 (generate_quantities
  (((pattern
     (Decl (decl_adtype DataOnly) (decl_id rho) (decl_type (Sized SReal))))
    (meta <opaque>))
   ((pattern
     (Assignment (rho UReal ())
      ((pattern
        (FunApp (CompilerInternal (FnReadParam (lb) AoS))
         (((pattern (Lit Int 0))
           (meta ((type_ UInt) (loc <opaque>) (adlevel DataOnly))))
          ((pattern (Var lp__))
           (meta ((type_ UReal) (loc <opaque>) (adlevel AutoDiffable)))))))
       (meta ((type_ UReal) (loc <opaque>) (adlevel AutoDiffable))))))
    (meta <opaque>))
   ((pattern
     (Decl (decl_adtype DataOnly) (decl_id alpha) (decl_type (Sized SReal))))
    (meta <opaque>))
   ((pattern
     (Assignment (alpha UReal ())
      ((pattern
        (FunApp (CompilerInternal (FnReadParam (lb) AoS))
         (((pattern (Lit Int 0))
           (meta ((type_ UInt) (loc <opaque>) (adlevel DataOnly))))
          ((pattern (Var lp__))
           (meta ((type_ UReal) (loc <opaque>) (adlevel AutoDiffable)))))))
       (meta ((type_ UReal) (loc <opaque>) (adlevel AutoDiffable))))))
    (meta <opaque>))
   ((pattern
     (Decl (decl_adtype DataOnly) (decl_id f_tilde)
      (decl_type
       (Sized
        (SVector AoS
         ((pattern (Var N))
          (meta ((type_ UInt) (loc <opaque>) (adlevel DataOnly)))))))))
    (meta <opaque>))
   ((pattern
     (Assignment (f_tilde UVector ())
      ((pattern
        (FunApp (CompilerInternal (FnReadParam () AoS))
         (((pattern (Var N))
           (meta ((type_ UInt) (loc <opaque>) (adlevel DataOnly)))))))
       (meta ((type_ UVector) (loc <opaque>) (adlevel AutoDiffable))))))
    (meta <opaque>))
   ((pattern
     (Decl (decl_adtype DataOnly) (decl_id f)
      (decl_type
       (Sized
        (SVector AoS
         ((pattern (Var N))
          (meta ((type_ UInt) (loc <opaque>) (adlevel DataOnly)))))))))
    (meta <opaque>))
   ((pattern
     (NRFunApp (CompilerInternal FnWriteParam)
      (((pattern (Var rho))
        (meta ((type_ UReal) (loc <opaque>) (adlevel DataOnly)))))))
    (meta <opaque>))
   ((pattern
     (NRFunApp (CompilerInternal FnWriteParam)
      (((pattern (Var alpha))
        (meta ((type_ UReal) (loc <opaque>) (adlevel DataOnly)))))))
    (meta <opaque>))
   ((pattern
     (For (loopvar sym1__)
      (lower
       ((pattern (Lit Int 1))
        (meta ((type_ UInt) (loc <opaque>) (adlevel DataOnly)))))
      (upper
       ((pattern (Var N))
        (meta ((type_ UInt) (loc <opaque>) (adlevel DataOnly)))))
      (body
       ((pattern
         (Block
          (((pattern
             (NRFunApp (CompilerInternal FnWriteParam)
              (((pattern
                 (Indexed
                  ((pattern (Var f_tilde))
                   (meta ((type_ UVector) (loc <opaque>) (adlevel DataOnly))))
                  ((Single
                    ((pattern (Var sym1__))
                     (meta ((type_ UInt) (loc <opaque>) (adlevel DataOnly))))))))
                (meta ((type_ UReal) (loc <opaque>) (adlevel DataOnly)))))))
            (meta <opaque>)))))
        (meta <opaque>)))))
    (meta <opaque>))
   ((pattern
     (IfElse
      ((pattern
        (FunApp (StanLib PNot__ FnPlain AoS)
         (((pattern
            (EOr
             ((pattern (Var emit_transformed_parameters__))
              (meta ((type_ UInt) (loc <opaque>) (adlevel DataOnly))))
             ((pattern (Var emit_generated_quantities__))
              (meta ((type_ UInt) (loc <opaque>) (adlevel DataOnly))))))
           (meta ((type_ UInt) (loc <opaque>) (adlevel DataOnly)))))))
       (meta ((type_ UInt) (loc <opaque>) (adlevel DataOnly))))
      ((pattern (Block (((pattern (Return ())) (meta <opaque>)))))
       (meta <opaque>))
      ()))
    (meta <opaque>))
   ((pattern
     (Block
      (((pattern
         (NRFunApp (CompilerInternal FnValidateSize)
          (((pattern (Lit Str cov))
            (meta ((type_ UInt) (loc <opaque>) (adlevel DataOnly))))
           ((pattern (Lit Str N))
            (meta ((type_ UInt) (loc <opaque>) (adlevel DataOnly))))
           ((pattern (Var N))
            (meta ((type_ UInt) (loc <opaque>) (adlevel DataOnly)))))))
        (meta <opaque>))
       ((pattern
         (NRFunApp (CompilerInternal FnValidateSize)
          (((pattern (Lit Str cov))
            (meta ((type_ UInt) (loc <opaque>) (adlevel DataOnly))))
           ((pattern (Lit Str N))
            (meta ((type_ UInt) (loc <opaque>) (adlevel DataOnly))))
           ((pattern (Var N))
            (meta ((type_ UInt) (loc <opaque>) (adlevel DataOnly)))))))
        (meta <opaque>))
       ((pattern
         (Decl (decl_adtype DataOnly) (decl_id cov)
          (decl_type
           (Sized
            (SMatrix AoS
             ((pattern (Var N))
              (meta ((type_ UInt) (loc <opaque>) (adlevel DataOnly))))
             ((pattern (Var N))
              (meta ((type_ UInt) (loc <opaque>) (adlevel DataOnly)))))))))
        (meta <opaque>))
       ((pattern
         (Assignment (cov UMatrix ())
          ((pattern
            (FunApp (StanLib Plus__ FnPlain AoS)
             (((pattern
                (FunApp (StanLib cov_exp_quad FnPlain AoS)
                 (((pattern (Var x))
                   (meta
                    ((type_ (UArray UReal)) (loc <opaque>)
                     (adlevel DataOnly))))
                  ((pattern (Var alpha))
                   (meta
                    ((type_ UReal) (loc <opaque>) (adlevel AutoDiffable))))
                  ((pattern (Var rho))
                   (meta
                    ((type_ UReal) (loc <opaque>) (adlevel AutoDiffable)))))))
               (meta ((type_ UMatrix) (loc <opaque>) (adlevel AutoDiffable))))
              ((pattern
                (FunApp (StanLib diag_matrix FnPlain AoS)
                 (((pattern
                    (FunApp (StanLib rep_vector FnPlain AoS)
                     (((pattern (Lit Real 1e-10))
                       (meta
                        ((type_ UReal) (loc <opaque>) (adlevel DataOnly))))
                      ((pattern (Var N))
                       (meta
                        ((type_ UInt) (loc <opaque>) (adlevel DataOnly)))))))
                   (meta ((type_ UVector) (loc <opaque>) (adlevel DataOnly)))))))
               (meta ((type_ UMatrix) (loc <opaque>) (adlevel DataOnly)))))))
           (meta ((type_ UMatrix) (loc <opaque>) (adlevel AutoDiffable))))))
        (meta <opaque>))
       ((pattern
         (NRFunApp (CompilerInternal FnValidateSize)
          (((pattern (Lit Str L_cov))
            (meta ((type_ UInt) (loc <opaque>) (adlevel DataOnly))))
           ((pattern (Lit Str N))
            (meta ((type_ UInt) (loc <opaque>) (adlevel DataOnly))))
           ((pattern (Var N))
            (meta ((type_ UInt) (loc <opaque>) (adlevel DataOnly)))))))
        (meta <opaque>))
       ((pattern
         (NRFunApp (CompilerInternal FnValidateSize)
          (((pattern (Lit Str L_cov))
            (meta ((type_ UInt) (loc <opaque>) (adlevel DataOnly))))
           ((pattern (Lit Str N))
            (meta ((type_ UInt) (loc <opaque>) (adlevel DataOnly))))
           ((pattern (Var N))
            (meta ((type_ UInt) (loc <opaque>) (adlevel DataOnly)))))))
        (meta <opaque>))
       ((pattern
         (Decl (decl_adtype DataOnly) (decl_id L_cov)
          (decl_type
           (Sized
            (SMatrix AoS
             ((pattern (Var N))
              (meta ((type_ UInt) (loc <opaque>) (adlevel DataOnly))))
             ((pattern (Var N))
              (meta ((type_ UInt) (loc <opaque>) (adlevel DataOnly)))))))))
        (meta <opaque>))
       ((pattern
         (Assignment (L_cov UMatrix ())
          ((pattern
            (FunApp (StanLib cholesky_decompose FnPlain AoS)
             (((pattern (Var cov))
               (meta ((type_ UMatrix) (loc <opaque>) (adlevel AutoDiffable)))))))
           (meta ((type_ UMatrix) (loc <opaque>) (adlevel AutoDiffable))))))
        (meta <opaque>))
       ((pattern
         (Assignment (f UVector ())
          ((pattern
            (FunApp (StanLib Times__ FnPlain AoS)
             (((pattern (Var L_cov))
               (meta ((type_ UMatrix) (loc <opaque>) (adlevel AutoDiffable))))
              ((pattern (Var f_tilde))
               (meta ((type_ UVector) (loc <opaque>) (adlevel AutoDiffable)))))))
           (meta ((type_ UVector) (loc <opaque>) (adlevel AutoDiffable))))))
        (meta <opaque>)))))
    (meta <opaque>))
   ((pattern
     (IfElse
      ((pattern (Var emit_transformed_parameters__))
       (meta ((type_ UInt) (loc <opaque>) (adlevel DataOnly))))
      ((pattern
        (Block
         (((pattern
            (For (loopvar sym1__)
             (lower
              ((pattern (Lit Int 1))
               (meta ((type_ UInt) (loc <opaque>) (adlevel DataOnly)))))
             (upper
              ((pattern (Var N))
               (meta ((type_ UInt) (loc <opaque>) (adlevel DataOnly)))))
             (body
              ((pattern
                (Block
                 (((pattern
                    (NRFunApp (CompilerInternal FnWriteParam)
                     (((pattern
                        (Indexed
                         ((pattern (Var f))
                          (meta
                           ((type_ UVector) (loc <opaque>)
                            (adlevel DataOnly))))
                         ((Single
                           ((pattern (Var sym1__))
                            (meta
                             ((type_ UInt) (loc <opaque>) (adlevel DataOnly))))))))
                       (meta
                        ((type_ UReal) (loc <opaque>) (adlevel DataOnly)))))))
                   (meta <opaque>)))))
               (meta <opaque>)))))
           (meta <opaque>)))))
       (meta <opaque>))
      ()))
    (meta <opaque>))
   ((pattern
     (IfElse
      ((pattern
        (FunApp (StanLib PNot__ FnPlain AoS)
         (((pattern (Var emit_generated_quantities__))
           (meta ((type_ UInt) (loc <opaque>) (adlevel DataOnly)))))))
       (meta ((type_ UInt) (loc <opaque>) (adlevel DataOnly))))
      ((pattern (Block (((pattern (Return ())) (meta <opaque>)))))
       (meta <opaque>))
      ()))
    (meta <opaque>))))
 (transform_inits
  (((pattern
     (Decl (decl_adtype DataOnly) (decl_id pos__) (decl_type (Sized SInt))))
    (meta <opaque>))
   ((pattern
     (Assignment (pos__ UInt ())
      ((pattern (Lit Int 1))
       (meta ((type_ UInt) (loc <opaque>) (adlevel DataOnly))))))
    (meta <opaque>))
   ((pattern
     (Decl (decl_adtype DataOnly) (decl_id rho) (decl_type (Sized SReal))))
    (meta <opaque>))
   ((pattern
     (Assignment (rho UReal ())
      ((pattern
        (Indexed
         ((pattern
           (FunApp (CompilerInternal FnReadData)
            (((pattern (Lit Str rho))
              (meta ((type_ UReal) (loc <opaque>) (adlevel DataOnly)))))))
          (meta ((type_ (UArray UReal)) (loc <opaque>) (adlevel DataOnly))))
         ((Single
           ((pattern (Lit Int 1))
            (meta ((type_ UInt) (loc <opaque>) (adlevel DataOnly))))))))
       (meta ((type_ UReal) (loc <opaque>) (adlevel DataOnly))))))
    (meta <opaque>))
   ((pattern
     (Decl (decl_adtype DataOnly) (decl_id rho_free__)
      (decl_type (Sized SReal))))
    (meta <opaque>))
   ((pattern
     (Assignment (rho_free__ UReal ())
      ((pattern
        (FunApp (CompilerInternal (FnUnconstrain lb))
         (((pattern (Var rho))
           (meta ((type_ UReal) (loc <opaque>) (adlevel DataOnly))))
          ((pattern (Lit Int 0))
           (meta ((type_ UInt) (loc <opaque>) (adlevel DataOnly)))))))
       (meta ((type_ UReal) (loc <opaque>) (adlevel DataOnly))))))
    (meta <opaque>))
   ((pattern
     (Decl (decl_adtype DataOnly) (decl_id alpha) (decl_type (Sized SReal))))
    (meta <opaque>))
   ((pattern
     (Assignment (alpha UReal ())
      ((pattern
        (Indexed
         ((pattern
           (FunApp (CompilerInternal FnReadData)
            (((pattern (Lit Str alpha))
              (meta ((type_ UReal) (loc <opaque>) (adlevel DataOnly)))))))
          (meta ((type_ (UArray UReal)) (loc <opaque>) (adlevel DataOnly))))
         ((Single
           ((pattern (Lit Int 1))
            (meta ((type_ UInt) (loc <opaque>) (adlevel DataOnly))))))))
       (meta ((type_ UReal) (loc <opaque>) (adlevel DataOnly))))))
    (meta <opaque>))
   ((pattern
     (Decl (decl_adtype DataOnly) (decl_id alpha_free__)
      (decl_type (Sized SReal))))
    (meta <opaque>))
   ((pattern
     (Assignment (alpha_free__ UReal ())
      ((pattern
        (FunApp (CompilerInternal (FnUnconstrain lb))
         (((pattern (Var alpha))
           (meta ((type_ UReal) (loc <opaque>) (adlevel DataOnly))))
          ((pattern (Lit Int 0))
           (meta ((type_ UInt) (loc <opaque>) (adlevel DataOnly)))))))
       (meta ((type_ UReal) (loc <opaque>) (adlevel DataOnly))))))
    (meta <opaque>))
   ((pattern
     (Decl (decl_adtype DataOnly) (decl_id f_tilde)
      (decl_type
       (Sized
        (SVector AoS
         ((pattern (Var N))
          (meta ((type_ UInt) (loc <opaque>) (adlevel DataOnly)))))))))
    (meta <opaque>))
   ((pattern
     (Block
      (((pattern
         (Decl (decl_adtype AutoDiffable) (decl_id f_tilde_flat__)
          (decl_type (Unsized (UArray UReal)))))
        (meta <opaque>))
       ((pattern
         (Assignment (f_tilde_flat__ (UArray UReal) ())
          ((pattern
            (FunApp (CompilerInternal FnReadData)
             (((pattern (Lit Str f_tilde))
               (meta ((type_ UVector) (loc <opaque>) (adlevel DataOnly)))))))
           (meta ((type_ (UArray UReal)) (loc <opaque>) (adlevel DataOnly))))))
        (meta <opaque>))
       ((pattern
         (Assignment (pos__ UInt ())
          ((pattern (Lit Int 1))
           (meta ((type_ UInt) (loc <opaque>) (adlevel DataOnly))))))
        (meta <opaque>))
       ((pattern
         (For (loopvar sym1__)
          (lower
           ((pattern (Lit Int 1))
            (meta ((type_ UInt) (loc <opaque>) (adlevel DataOnly)))))
          (upper
           ((pattern (Var N))
            (meta ((type_ UInt) (loc <opaque>) (adlevel DataOnly)))))
          (body
           ((pattern
             (Block
              (((pattern
                 (Assignment
                  (f_tilde UVector
                   ((Single
                     ((pattern (Var sym1__))
                      (meta ((type_ UInt) (loc <opaque>) (adlevel DataOnly)))))))
                  ((pattern
                    (Indexed
                     ((pattern (Var f_tilde_flat__))
                      (meta
                       ((type_ (UArray UReal)) (loc <opaque>)
                        (adlevel DataOnly))))
                     ((Single
                       ((pattern (Var pos__))
                        (meta
                         ((type_ UInt) (loc <opaque>) (adlevel DataOnly))))))))
                   (meta ((type_ UReal) (loc <opaque>) (adlevel DataOnly))))))
                (meta <opaque>))
               ((pattern
                 (Assignment (pos__ UInt ())
                  ((pattern
                    (FunApp (StanLib Plus__ FnPlain AoS)
                     (((pattern (Var pos__))
                       (meta
                        ((type_ UInt) (loc <opaque>) (adlevel DataOnly))))
                      ((pattern (Lit Int 1))
                       (meta
                        ((type_ UInt) (loc <opaque>) (adlevel DataOnly)))))))
                   (meta ((type_ UInt) (loc <opaque>) (adlevel DataOnly))))))
                (meta <opaque>)))))
            (meta <opaque>)))))
        (meta <opaque>)))))
    (meta <opaque>))
   ((pattern
     (NRFunApp (CompilerInternal FnWriteParam)
      (((pattern (Var rho_free__))
        (meta ((type_ UReal) (loc <opaque>) (adlevel DataOnly)))))))
    (meta <opaque>))
   ((pattern
     (NRFunApp (CompilerInternal FnWriteParam)
      (((pattern (Var alpha_free__))
        (meta ((type_ UReal) (loc <opaque>) (adlevel DataOnly)))))))
    (meta <opaque>))
   ((pattern
     (For (loopvar sym1__)
      (lower
       ((pattern (Lit Int 1))
        (meta ((type_ UInt) (loc <opaque>) (adlevel DataOnly)))))
      (upper
       ((pattern (Var N))
        (meta ((type_ UInt) (loc <opaque>) (adlevel DataOnly)))))
      (body
       ((pattern
         (Block
          (((pattern
             (NRFunApp (CompilerInternal FnWriteParam)
              (((pattern
                 (Indexed
                  ((pattern (Var f_tilde))
                   (meta ((type_ UVector) (loc <opaque>) (adlevel DataOnly))))
                  ((Single
                    ((pattern (Var sym1__))
                     (meta ((type_ UInt) (loc <opaque>) (adlevel DataOnly))))))))
                (meta ((type_ UReal) (loc <opaque>) (adlevel DataOnly)))))))
            (meta <opaque>)))))
        (meta <opaque>)))))
    (meta <opaque>))))
 (output_vars
  ((rho
    ((out_unconstrained_st SReal) (out_constrained_st SReal)
     (out_block Parameters)
     (out_trans
      (Lower
       ((pattern (Lit Int 0))
        (meta ((type_ UInt) (loc <opaque>) (adlevel DataOnly))))))))
   (alpha
    ((out_unconstrained_st SReal) (out_constrained_st SReal)
     (out_block Parameters)
     (out_trans
      (Lower
       ((pattern (Lit Int 0))
        (meta ((type_ UInt) (loc <opaque>) (adlevel DataOnly))))))))
   (f_tilde
    ((out_unconstrained_st
      (SVector AoS
       ((pattern (Var N))
        (meta ((type_ UInt) (loc <opaque>) (adlevel DataOnly))))))
     (out_constrained_st
      (SVector AoS
       ((pattern (Var N))
        (meta ((type_ UInt) (loc <opaque>) (adlevel DataOnly))))))
     (out_block Parameters) (out_trans Identity)))
   (f
    ((out_unconstrained_st
      (SVector AoS
       ((pattern (Var N))
        (meta ((type_ UInt) (loc <opaque>) (adlevel DataOnly))))))
     (out_constrained_st
      (SVector AoS
       ((pattern (Var N))
        (meta ((type_ UInt) (loc <opaque>) (adlevel DataOnly))))))
     (out_block TransformedParameters) (out_trans Identity)))))
 (prog_name gp_pois_regr_model)
 (prog_path
  ./test/integration/good/stat_comp_benchmarks_models/gp_pois_regr.stan))